('start>', (-1, -1))
('int', (-1, -1))
('identifier', (20, 0))
('identifier', (20, 0))
('=', (-1, -1))
('read_val', (-1, -1))
('(', (-1, -1))
('int', (-1, -1))
(')', (-1, -1))
('int', (-1, -1))
('identifier', (21, 0))
('identifier', (21, 0))
('=', (-1, -1))
('read_val', (-1, -1))
('(', (-1, -1))
('int', (-1, -1))
(')', (-1, -1))
('int', (-1, -1))
('identifier', (4, 0))
('In_case', (-1, -1))
('identifier', (21, 0))
('<', (-1, -1))
('identifier', (20, 0))
(':', (-1, -1))
('{', (-1, -1))
('identifier', (4, 0))
('=', (-1, -1))
('identifier', (20, 0))
('identifier', (20, 0))
('=', (-1, -1))
('identifier', (21, 0))
('identifier', (21, 0))
('=', (-1, -1))
('identifier', (4, 0))
('}', (-1, -1))
('<end', (-1, -1))
('start>', (-1, -1))
('int', (-1, -1))
('identifier', (4, 1))
('int', (-1, -1))
('identifier', (12, 0))
('int', (-1, -1))
('identifier', (11, 0))
('identifier', (4, 1))
('=', (-1, -1))
('read_val', (-1, -1))
('(', (-1, -1))
('int', (-1, -1))
(')', (-1, -1))
('identifier', (12, 0))
('=', (-1, -1))
('constant', (5, 0))
('identifier', (11, 0))
('=', (-1, -1))
('constant', (4, 2))
('While', (-1, -1))
('identifier', (12, 0))
('<=', (-1, -1))
('identifier', (4, 1))
(':', (-1, -1))
('{', (-1, -1))
('In_case', (-1, -1))
('identifier', (12, 0))
('divides', (-1, -1))
('identifier', (4, 1))
(':', (-1, -1))
('Increment', (-1, -1))
('identifier', (11, 0))
('Increment', (-1, -1))
('identifier', (12, 0))
('}', (-1, -1))
('show', (-1, -1))
('(', (-1, -1))
('identifier', (11, 0))
(')', (-1, -1))
('<end', (-1, -1))
('start>', (-1, -1))
('identifier', (15, 0))
('identifier', (14, 0))
('identifier', (14, 0))
('=', (-1, -1))
('[', (-1, -1))
('constant', (6, 0))
(',', (-1, -1))
('constant', (8, 0))
(',', (-1, -1))
('constant', (9, 0))
(',', (-1, -1))
('constant', (11, 1))
(',', (-1, -1))
('constant', (13, 0))
(']', (-1, -1))
('int', (-1, -1))
('identifier', (11, 2))
('identifier', (11, 2))
('=', (-1, -1))
('constant', (4, 2))
('For_each', (-1, -1))
('identifier', (0, 0))
('from', (-1, -1))
('identifier', (14, 0))
(':', (-1, -1))
('{', (-1, -1))
('In_case', (-1, -1))
('constant', (6, 0))
('divides', (-1, -1))
('identifier', (0, 0))
(':', (-1, -1))
('identifier', (11, 2))
('=', (-1, -1))
('identifier', (11, 2))
('+', (-1, -1))
('identifier', (0, 0))
('}', (-1, -1))
('show', (-1, -1))
('(', (-1, -1))
('identifier', (11, 2))
(')', (-1, -1))
('<end', (-1, -1))
